<?xml version="1.0" encoding="UTF-8"?>
<!-- Generated by org.testng.reporters.JUnitXMLReporter -->
<testsuite hostname="Tubi-MacBook-C02Q61ADFVH6" ignored="0" tests="7" failures="1" timestamp="22 May 2018 21:12:04 GMT" time="12.55" errors="0">
  <testcase name="disappearingElements" time="3.908" classname="TestLabriary">
    <failure type="java.lang.AssertionError" message="After page refresh element disappeared max refreshing 10 expected [5] but found [4]">
      <![CDATA[java.lang.AssertionError: After page refresh element disappeared max refreshing 10 expected [5] but found [4]
	at TestLabriary.disappearingElements(TestLabriary.java:91)
... Removed 34 stack frames]]>
    </failure>
  </testcase> <!-- disappearingElements -->
  <testcase name="dynamicContnt" time="1.03" classname="TestLabriary"/>
  <testcase name="logInPageErrorHandling" time="1.621" classname="TestLabriary"/>
  <testcase name="logInPageHappyPath" time="1.251" classname="TestLabriary"/>
  <testcase name="moveMouseHover" time="0.806" classname="TestLabriary"/>
  <testcase name="notificationMessageTestForNegativeMessage" time="0.86" classname="TestLabriary"/>
  <testcase name="notificationMessageTestForPositiveMessage" time="2.602" classname="TestLabriary"/>
</testsuite>
